[0.011s] Invoking command in '/home/mnc/ros2_ws/src/autonomous-warehouse-inspection/build/autonomous-warehouse-inspection': CMAKE_PREFIX_PATH=/opt/ros/humble /usr/bin/cmake --build /home/mnc/ros2_ws/src/autonomous-warehouse-inspection/build/autonomous-warehouse-inspection -- -j16 -l16
[0.030s] -- Found ament_cmake: 1.3.2 (/opt/ros/humble/share/ament_cmake/cmake)
[0.141s] -- Found launch_testing_ament_cmake: 1.0.3 (/opt/ros/humble/share/launch_testing_ament_cmake/cmake)
[0.142s] -- Found python_cmake_module: 0.10.0 (/opt/ros/humble/share/python_cmake_module/cmake)
[0.159s] -- Using PYTHON_EXECUTABLE: /usr/bin/python3
[0.159s] -- Using PYTHON_INCLUDE_DIRS: /usr/include/python3.10
[0.159s] -- Using PYTHON_LIBRARIES: /usr/lib/x86_64-linux-gnu/libpython3.10.so
[0.160s] -- Found ament_cmake_gtest: 1.3.2 (/opt/ros/humble/share/ament_cmake_gtest/cmake)
[0.160s] -- Found rclcpp: 16.0.1 (/opt/ros/humble/share/rclcpp/cmake)
[0.503s] -- Found rosidl_generator_c: 3.1.3 (/opt/ros/humble/share/rosidl_generator_c/cmake)
[0.505s] -- Found rosidl_adapter: 3.1.3 (/opt/ros/humble/share/rosidl_adapter/cmake)
[0.512s] -- Found rosidl_generator_cpp: 3.1.3 (/opt/ros/humble/share/rosidl_generator_cpp/cmake)
[0.520s] -- Using all available rosidl_typesupport_c: rosidl_typesupport_fastrtps_c;rosidl_typesupport_introspection_c
[0.531s] -- Using all available rosidl_typesupport_cpp: rosidl_typesupport_fastrtps_cpp;rosidl_typesupport_introspection_cpp
[0.573s] -- Found rmw_implementation_cmake: 6.1.0 (/opt/ros/humble/share/rmw_implementation_cmake/cmake)
[0.574s] -- Found rmw_fastrtps_cpp: 6.2.1 (/opt/ros/humble/share/rmw_fastrtps_cpp/cmake)
[17.175s] -- Using RMW implementation 'rmw_fastrtps_cpp' as default
[17.298s] -- Found geometry_msgs: 4.2.2 (/opt/ros/humble/share/geometry_msgs/cmake)
[17.329s] -- Found tf2: 0.25.1 (/opt/ros/humble/share/tf2/cmake)
[17.334s] -- Found tf2_ros: 0.25.1 (/opt/ros/humble/share/tf2_ros/cmake)
[17.567s] -- Found sensor_msgs: 4.2.2 (/opt/ros/humble/share/sensor_msgs/cmake)
[17.626s] -- Found gazebo_ros: 3.7.0 (/opt/ros/humble/share/gazebo_ros/cmake)
[17.655s] -- Found DART: /usr/include (Required is at least version "6.6") found components: dart 
[17.681s] -- Found Protobuf: /usr/lib/x86_64-linux-gnu/libprotobuf.so (found version "3.12.4") 
[17.682s] -- Looking for ignition-math6 -- found version 6.12.0
[17.685s] -- Searching for dependencies of ignition-math6
[17.686s] -- Looking for OGRE...
[17.691s] -- Found Ogre Ghadamon (1.9.0)
[17.691s] -- Found OGRE: optimized;/usr/lib/x86_64-linux-gnu/libOgreMain.so;debug;/usr/lib/x86_64-linux-gnu/libOgreMain.so
[17.698s] -- Looking for OGRE_Paging...
[17.698s] -- Found OGRE_Paging: optimized;/usr/lib/x86_64-linux-gnu/libOgrePaging.so;debug;/usr/lib/x86_64-linux-gnu/libOgrePaging.so
[17.699s] -- Looking for OGRE_Terrain...
[17.699s] -- Found OGRE_Terrain: optimized;/usr/lib/x86_64-linux-gnu/libOgreTerrain.so;debug;/usr/lib/x86_64-linux-gnu/libOgreTerrain.so
[17.699s] -- Looking for OGRE_Property...
[17.699s] -- Found OGRE_Property: optimized;/usr/lib/x86_64-linux-gnu/libOgreProperty.so;debug;/usr/lib/x86_64-linux-gnu/libOgreProperty.so
[17.699s] -- Looking for OGRE_RTShaderSystem...
[17.699s] -- Found OGRE_RTShaderSystem: optimized;/usr/lib/x86_64-linux-gnu/libOgreRTShaderSystem.so;debug;/usr/lib/x86_64-linux-gnu/libOgreRTShaderSystem.so
[17.699s] -- Looking for OGRE_Volume...
[17.699s] -- Found OGRE_Volume: optimized;/usr/lib/x86_64-linux-gnu/libOgreVolume.so;debug;/usr/lib/x86_64-linux-gnu/libOgreVolume.so
[17.699s] -- Looking for OGRE_Overlay...
[17.700s] -- Found OGRE_Overlay: optimized;/usr/lib/x86_64-linux-gnu/libOgreOverlay.so;debug;/usr/lib/x86_64-linux-gnu/libOgreOverlay.so
[84.549s] -- Looking for ignition-math6 -- found version 6.12.0
[84.550s] -- Looking for ignition-transport8 -- found version 8.2.1
[84.550s] -- Searching for dependencies of ignition-transport8
[87.957s] -- Found Protobuf: /usr/lib/x86_64-linux-gnu/libprotobuf.so (found suitable version "3.12.4", minimum required is "3") 
[91.940s] -- Config-file not installed for ZeroMQ -- checking for pkg-config
[91.948s] -- Checking for module 'libzmq >= 4'
[91.958s] --   Found libzmq , version 4.3.4
[91.986s] -- Checking for module 'uuid'
[91.997s] --   Found uuid, version 2.37.2
[92.015s] -- Looking for ignition-msgs5 -- found version 5.8.1
[92.016s] -- Searching for dependencies of ignition-msgs5
[95.796s] -- Looking for ignition-math6 -- found version 6.12.0
[95.800s] -- Checking for module 'tinyxml2'
[95.807s] --   Found tinyxml2, version 9.0.0
[95.826s] -- Looking for ignition-msgs5 -- found version 5.8.1
[95.826s] -- Looking for ignition-common3 -- found version 3.14.0
[95.826s] -- Searching for dependencies of ignition-common3
[95.826s] -- Looking for dlfcn.h - found
[95.827s] -- Looking for libdl - found
[96.080s] -- Searching for <ignition-common3> component [graphics]
[96.080s] -- Looking for ignition-common3-graphics -- found version 3.14.0
[96.081s] -- Searching for dependencies of ignition-common3-graphics
[96.081s] -- Looking for ignition-math6 -- found version 6.12.0
[96.082s] -- Looking for ignition-fuel_tools4 -- found version 4.4.0
[96.082s] -- Searching for dependencies of ignition-fuel_tools4
[100.235s] -- Checking for module 'jsoncpp'
[100.245s] --   Found jsoncpp, version 1.9.5
[100.266s] -- Checking for module 'libzip'
[100.276s] --   Found libzip, version 1.7.3
[100.293s] -- Looking for ignition-common3 -- found version 3.14.0
[100.294s] -- Looking for ignition-math6 -- found version 6.12.0
[100.294s] -- Looking for ignition-msgs5 -- found version 5.8.1
[100.295s] -- Gazebo version: 11.10
[100.299s] -- Found nav_msgs: 4.2.2 (/opt/ros/humble/share/nav_msgs/cmake)
[100.363s] -- Found gtest sources under '/opt/ros/humble/src/gtest_vendor': C++ tests using 'Google Test' will be built
[100.423s] -- Configuring done
[100.448s] -- Generating done
[100.452s] -- Build files have been written to: /home/mnc/ros2_ws/src/autonomous-warehouse-inspection/build/autonomous-warehouse-inspection
[100.488s] [35m[1mConsolidate compiler generated dependencies of target gtest_main[0m
[100.488s] [35m[1mConsolidate compiler generated dependencies of target aruco_detect[0m
[100.489s] [35m[1mConsolidate compiler generated dependencies of target gtest[0m
[100.489s] [35m[1mConsolidate compiler generated dependencies of target inspection[0m
[100.498s] [ 15%] Built target gtest_main
[100.500s] [ 30%] Built target gtest
[100.502s] [ 46%] Built target aruco_detect
[100.504s] [ 69%] Built target inspection
[100.507s] [35m[1mConsolidate compiler generated dependencies of target autonomous-warehouse-inspection_test[0m
[100.525s] [100%] Built target autonomous-warehouse-inspection_test
[100.534s] Invoked command in '/home/mnc/ros2_ws/src/autonomous-warehouse-inspection/build/autonomous-warehouse-inspection' returned '0': CMAKE_PREFIX_PATH=/opt/ros/humble /usr/bin/cmake --build /home/mnc/ros2_ws/src/autonomous-warehouse-inspection/build/autonomous-warehouse-inspection -- -j16 -l16
[100.572s] Invoking command in '/home/mnc/ros2_ws/src/autonomous-warehouse-inspection/build/autonomous-warehouse-inspection': CMAKE_PREFIX_PATH=/opt/ros/humble /usr/bin/cmake --install /home/mnc/ros2_ws/src/autonomous-warehouse-inspection/build/autonomous-warehouse-inspection
[100.578s] -- Install configuration: "Debug"
[100.578s] -- Up-to-date: /home/mnc/ros2_ws/src/autonomous-warehouse-inspection/install/autonomous-warehouse-inspection/lib/autonomous-warehouse-inspection/inspection
[100.578s] -- Up-to-date: /home/mnc/ros2_ws/src/autonomous-warehouse-inspection/install/autonomous-warehouse-inspection/lib/autonomous-warehouse-inspection/aruco_detect
[100.579s] -- Up-to-date: /home/mnc/ros2_ws/src/autonomous-warehouse-inspection/install/autonomous-warehouse-inspection/share/autonomous-warehouse-inspection/launch
[100.579s] -- Up-to-date: /home/mnc/ros2_ws/src/autonomous-warehouse-inspection/install/autonomous-warehouse-inspection/share/autonomous-warehouse-inspection/launch/mainLaunch.launch.py
[100.579s] -- Up-to-date: /home/mnc/ros2_ws/src/autonomous-warehouse-inspection/install/autonomous-warehouse-inspection/share/autonomous-warehouse-inspection/launch/aruco_launch.py
[100.579s] -- Up-to-date: /home/mnc/ros2_ws/src/autonomous-warehouse-inspection/install/autonomous-warehouse-inspection/share/autonomous-warehouse-inspection/worlds
[100.579s] -- Up-to-date: /home/mnc/ros2_ws/src/autonomous-warehouse-inspection/install/autonomous-warehouse-inspection/share/autonomous-warehouse-inspection/worlds/warehouse_layout_1
[100.579s] -- Up-to-date: /home/mnc/ros2_ws/src/autonomous-warehouse-inspection/install/autonomous-warehouse-inspection/share/autonomous-warehouse-inspection/worlds/warehouse_mini.world
[100.579s] -- Up-to-date: /home/mnc/ros2_ws/src/autonomous-warehouse-inspection/install/autonomous-warehouse-inspection/share/autonomous-warehouse-inspection/worlds/warehouse_layout_1:Zone.Identifier
[100.579s] -- Up-to-date: /home/mnc/ros2_ws/src/autonomous-warehouse-inspection/install/autonomous-warehouse-inspection/share/autonomous-warehouse-inspection/worlds/no_roof_small_warehouse.world
[100.579s] -- Up-to-date: /home/mnc/ros2_ws/src/autonomous-warehouse-inspection/install/autonomous-warehouse-inspection/share/autonomous-warehouse-inspection/maps
[100.579s] -- Up-to-date: /home/mnc/ros2_ws/src/autonomous-warehouse-inspection/install/autonomous-warehouse-inspection/share/autonomous-warehouse-inspection/maps/map_mini.pgm
[100.579s] -- Up-to-date: /home/mnc/ros2_ws/src/autonomous-warehouse-inspection/install/autonomous-warehouse-inspection/share/autonomous-warehouse-inspection/maps/map_mini.yaml
[100.580s] -- Up-to-date: /home/mnc/ros2_ws/src/autonomous-warehouse-inspection/install/autonomous-warehouse-inspection/share/ament_index/resource_index/package_run_dependencies/autonomous-warehouse-inspection
[100.580s] -- Up-to-date: /home/mnc/ros2_ws/src/autonomous-warehouse-inspection/install/autonomous-warehouse-inspection/share/ament_index/resource_index/parent_prefix_path/autonomous-warehouse-inspection
[100.580s] -- Up-to-date: /home/mnc/ros2_ws/src/autonomous-warehouse-inspection/install/autonomous-warehouse-inspection/share/autonomous-warehouse-inspection/environment/ament_prefix_path.sh
[100.580s] -- Installing: /home/mnc/ros2_ws/src/autonomous-warehouse-inspection/install/autonomous-warehouse-inspection/share/autonomous-warehouse-inspection/environment/ament_prefix_path.dsv
[100.581s] -- Up-to-date: /home/mnc/ros2_ws/src/autonomous-warehouse-inspection/install/autonomous-warehouse-inspection/share/autonomous-warehouse-inspection/environment/path.sh
[100.581s] -- Installing: /home/mnc/ros2_ws/src/autonomous-warehouse-inspection/install/autonomous-warehouse-inspection/share/autonomous-warehouse-inspection/environment/path.dsv
[100.581s] -- Up-to-date: /home/mnc/ros2_ws/src/autonomous-warehouse-inspection/install/autonomous-warehouse-inspection/share/autonomous-warehouse-inspection/local_setup.bash
[100.581s] -- Up-to-date: /home/mnc/ros2_ws/src/autonomous-warehouse-inspection/install/autonomous-warehouse-inspection/share/autonomous-warehouse-inspection/local_setup.sh
[100.581s] -- Up-to-date: /home/mnc/ros2_ws/src/autonomous-warehouse-inspection/install/autonomous-warehouse-inspection/share/autonomous-warehouse-inspection/local_setup.zsh
[100.582s] -- Installing: /home/mnc/ros2_ws/src/autonomous-warehouse-inspection/install/autonomous-warehouse-inspection/share/autonomous-warehouse-inspection/local_setup.dsv
[100.582s] -- Installing: /home/mnc/ros2_ws/src/autonomous-warehouse-inspection/install/autonomous-warehouse-inspection/share/autonomous-warehouse-inspection/package.dsv
[100.582s] -- Up-to-date: /home/mnc/ros2_ws/src/autonomous-warehouse-inspection/install/autonomous-warehouse-inspection/share/ament_index/resource_index/packages/autonomous-warehouse-inspection
[100.582s] -- Up-to-date: /home/mnc/ros2_ws/src/autonomous-warehouse-inspection/install/autonomous-warehouse-inspection/share/autonomous-warehouse-inspection/cmake/ament_cmake_export_dependencies-extras.cmake
[100.582s] -- Up-to-date: /home/mnc/ros2_ws/src/autonomous-warehouse-inspection/install/autonomous-warehouse-inspection/share/autonomous-warehouse-inspection/cmake/autonomous-warehouse-inspectionConfig.cmake
[100.582s] -- Up-to-date: /home/mnc/ros2_ws/src/autonomous-warehouse-inspection/install/autonomous-warehouse-inspection/share/autonomous-warehouse-inspection/cmake/autonomous-warehouse-inspectionConfig-version.cmake
[100.582s] -- Up-to-date: /home/mnc/ros2_ws/src/autonomous-warehouse-inspection/install/autonomous-warehouse-inspection/share/autonomous-warehouse-inspection/package.xml
[100.584s] Invoked command in '/home/mnc/ros2_ws/src/autonomous-warehouse-inspection/build/autonomous-warehouse-inspection' returned '0': CMAKE_PREFIX_PATH=/opt/ros/humble /usr/bin/cmake --install /home/mnc/ros2_ws/src/autonomous-warehouse-inspection/build/autonomous-warehouse-inspection
