[0.013s] Invoking command in '/home/mnc/ros2_ws/src/autonomous-warehouse-inspection/build/autonomous-warehouse-inspection': CMAKE_PREFIX_PATH=/opt/ros/humble /usr/bin/cmake --build /home/mnc/ros2_ws/src/autonomous-warehouse-inspection/build/autonomous-warehouse-inspection -- -j16 -l16
[0.044s] [35m[1mConsolidate compiler generated dependencies of target aruco_detect[0m
[0.044s] [35m[1mConsolidate compiler generated dependencies of target gtest_main[0m
[0.044s] [35m[1mConsolidate compiler generated dependencies of target gtest[0m
[0.044s] [35m[1mConsolidate compiler generated dependencies of target inspection[0m
[0.055s] [ 15%] Built target gtest_main
[0.058s] [ 30%] Built target gtest
[0.059s] [ 46%] Built target aruco_detect
[0.061s] [ 69%] Built target inspection
[0.066s] [35m[1mConsolidate compiler generated dependencies of target autonomous-warehouse-inspection_test[0m
[0.082s] [100%] Built target autonomous-warehouse-inspection_test
[0.091s] Invoked command in '/home/mnc/ros2_ws/src/autonomous-warehouse-inspection/build/autonomous-warehouse-inspection' returned '0': CMAKE_PREFIX_PATH=/opt/ros/humble /usr/bin/cmake --build /home/mnc/ros2_ws/src/autonomous-warehouse-inspection/build/autonomous-warehouse-inspection -- -j16 -l16
[0.132s] Invoking command in '/home/mnc/ros2_ws/src/autonomous-warehouse-inspection/build/autonomous-warehouse-inspection': CMAKE_PREFIX_PATH=/opt/ros/humble /usr/bin/cmake --install /home/mnc/ros2_ws/src/autonomous-warehouse-inspection/build/autonomous-warehouse-inspection
[0.137s] -- Install configuration: "Debug"
[0.137s] -- Up-to-date: /home/mnc/ros2_ws/src/autonomous-warehouse-inspection/install/autonomous-warehouse-inspection/lib/autonomous-warehouse-inspection/inspection
[0.138s] -- Up-to-date: /home/mnc/ros2_ws/src/autonomous-warehouse-inspection/install/autonomous-warehouse-inspection/lib/autonomous-warehouse-inspection/aruco_detect
[0.138s] -- Up-to-date: /home/mnc/ros2_ws/src/autonomous-warehouse-inspection/install/autonomous-warehouse-inspection/share/autonomous-warehouse-inspection/launch
[0.138s] -- Up-to-date: /home/mnc/ros2_ws/src/autonomous-warehouse-inspection/install/autonomous-warehouse-inspection/share/autonomous-warehouse-inspection/launch/mainLaunch.launch.py
[0.138s] -- Up-to-date: /home/mnc/ros2_ws/src/autonomous-warehouse-inspection/install/autonomous-warehouse-inspection/share/autonomous-warehouse-inspection/launch/aruco_launch.py
[0.139s] -- Up-to-date: /home/mnc/ros2_ws/src/autonomous-warehouse-inspection/install/autonomous-warehouse-inspection/share/autonomous-warehouse-inspection/worlds
[0.139s] -- Up-to-date: /home/mnc/ros2_ws/src/autonomous-warehouse-inspection/install/autonomous-warehouse-inspection/share/autonomous-warehouse-inspection/worlds/warehouse_layout_1
[0.139s] -- Up-to-date: /home/mnc/ros2_ws/src/autonomous-warehouse-inspection/install/autonomous-warehouse-inspection/share/autonomous-warehouse-inspection/worlds/warehouse_mini.world
[0.139s] -- Up-to-date: /home/mnc/ros2_ws/src/autonomous-warehouse-inspection/install/autonomous-warehouse-inspection/share/autonomous-warehouse-inspection/worlds/warehouse_layout_1:Zone.Identifier
[0.139s] -- Up-to-date: /home/mnc/ros2_ws/src/autonomous-warehouse-inspection/install/autonomous-warehouse-inspection/share/autonomous-warehouse-inspection/worlds/no_roof_small_warehouse.world
[0.139s] -- Up-to-date: /home/mnc/ros2_ws/src/autonomous-warehouse-inspection/install/autonomous-warehouse-inspection/share/autonomous-warehouse-inspection/maps
[0.139s] -- Up-to-date: /home/mnc/ros2_ws/src/autonomous-warehouse-inspection/install/autonomous-warehouse-inspection/share/autonomous-warehouse-inspection/maps/map_mini.pgm
[0.139s] -- Up-to-date: /home/mnc/ros2_ws/src/autonomous-warehouse-inspection/install/autonomous-warehouse-inspection/share/autonomous-warehouse-inspection/maps/map_mini.yaml
[0.139s] -- Up-to-date: /home/mnc/ros2_ws/src/autonomous-warehouse-inspection/install/autonomous-warehouse-inspection/share/ament_index/resource_index/package_run_dependencies/autonomous-warehouse-inspection
[0.139s] -- Up-to-date: /home/mnc/ros2_ws/src/autonomous-warehouse-inspection/install/autonomous-warehouse-inspection/share/ament_index/resource_index/parent_prefix_path/autonomous-warehouse-inspection
[0.140s] -- Up-to-date: /home/mnc/ros2_ws/src/autonomous-warehouse-inspection/install/autonomous-warehouse-inspection/share/autonomous-warehouse-inspection/environment/ament_prefix_path.sh
[0.140s] -- Up-to-date: /home/mnc/ros2_ws/src/autonomous-warehouse-inspection/install/autonomous-warehouse-inspection/share/autonomous-warehouse-inspection/environment/ament_prefix_path.dsv
[0.140s] -- Up-to-date: /home/mnc/ros2_ws/src/autonomous-warehouse-inspection/install/autonomous-warehouse-inspection/share/autonomous-warehouse-inspection/environment/path.sh
[0.140s] -- Up-to-date: /home/mnc/ros2_ws/src/autonomous-warehouse-inspection/install/autonomous-warehouse-inspection/share/autonomous-warehouse-inspection/environment/path.dsv
[0.141s] -- Up-to-date: /home/mnc/ros2_ws/src/autonomous-warehouse-inspection/install/autonomous-warehouse-inspection/share/autonomous-warehouse-inspection/local_setup.bash
[0.142s] -- Up-to-date: /home/mnc/ros2_ws/src/autonomous-warehouse-inspection/install/autonomous-warehouse-inspection/share/autonomous-warehouse-inspection/local_setup.sh
[0.142s] -- Up-to-date: /home/mnc/ros2_ws/src/autonomous-warehouse-inspection/install/autonomous-warehouse-inspection/share/autonomous-warehouse-inspection/local_setup.zsh
[0.142s] -- Up-to-date: /home/mnc/ros2_ws/src/autonomous-warehouse-inspection/install/autonomous-warehouse-inspection/share/autonomous-warehouse-inspection/local_setup.dsv
[0.142s] -- Installing: /home/mnc/ros2_ws/src/autonomous-warehouse-inspection/install/autonomous-warehouse-inspection/share/autonomous-warehouse-inspection/package.dsv
[0.143s] -- Up-to-date: /home/mnc/ros2_ws/src/autonomous-warehouse-inspection/install/autonomous-warehouse-inspection/share/ament_index/resource_index/packages/autonomous-warehouse-inspection
[0.144s] -- Up-to-date: /home/mnc/ros2_ws/src/autonomous-warehouse-inspection/install/autonomous-warehouse-inspection/share/autonomous-warehouse-inspection/cmake/ament_cmake_export_dependencies-extras.cmake
[0.145s] -- Up-to-date: /home/mnc/ros2_ws/src/autonomous-warehouse-inspection/install/autonomous-warehouse-inspection/share/autonomous-warehouse-inspection/cmake/autonomous-warehouse-inspectionConfig.cmake
[0.146s] -- Up-to-date: /home/mnc/ros2_ws/src/autonomous-warehouse-inspection/install/autonomous-warehouse-inspection/share/autonomous-warehouse-inspection/cmake/autonomous-warehouse-inspectionConfig-version.cmake
[0.146s] -- Up-to-date: /home/mnc/ros2_ws/src/autonomous-warehouse-inspection/install/autonomous-warehouse-inspection/share/autonomous-warehouse-inspection/package.xml
[0.146s] Invoked command in '/home/mnc/ros2_ws/src/autonomous-warehouse-inspection/build/autonomous-warehouse-inspection' returned '0': CMAKE_PREFIX_PATH=/opt/ros/humble /usr/bin/cmake --install /home/mnc/ros2_ws/src/autonomous-warehouse-inspection/build/autonomous-warehouse-inspection
