[0.466s] DEBUG:colcon:Command line arguments: ['/usr/bin/colcon', 'build', '--cmake-args', '-DCMAKE_BUILD_TYPE=Debug', '-DCMAKE_CXX_FLAGS=--coverage', '-DCMAKE_CXX_OUTPUT_EXTENSION_REPLACE=ON', '-DARG_CONFIG_FILE=uncrustify_google_cpp_allman.cfg', '--packages-select', 'autonomous-warehouse-inspection']
[0.467s] DEBUG:colcon:Parsed command line arguments: Namespace(log_base=None, log_level=None, verb_name='build', build_base='build', install_base='install', merge_install=False, symlink_install=False, test_result_base=None, continue_on_error=False, executor='parallel', parallel_workers=16, event_handlers=None, ignore_user_meta=False, metas=['./colcon.meta'], base_paths=['.'], packages_ignore=None, packages_ignore_regex=None, paths=None, packages_up_to=None, packages_up_to_regex=None, packages_above=None, packages_above_and_dependencies=None, packages_above_depth=None, packages_select_by_dep=None, packages_skip_by_dep=None, packages_skip_up_to=None, packages_select_build_failed=False, packages_skip_build_finished=False, packages_select_test_failures=False, packages_skip_test_passed=False, packages_select=['autonomous-warehouse-inspection'], packages_skip=None, packages_select_regex=None, packages_skip_regex=None, packages_start=None, packages_end=None, allow_overriding=[], cmake_args=['-DCMAKE_BUILD_TYPE=Debug', '-DCMAKE_CXX_FLAGS=--coverage', '-DCMAKE_CXX_OUTPUT_EXTENSION_REPLACE=ON', '-DARG_CONFIG_FILE=uncrustify_google_cpp_allman.cfg'], cmake_target=None, cmake_target_skip_unavailable=False, cmake_clean_cache=False, cmake_clean_first=False, cmake_force_configure=False, ament_cmake_args=None, catkin_cmake_args=None, catkin_skip_building_tests=False, verb_parser=<colcon_defaults.argument_parser.defaults.DefaultArgumentsDecorator object at 0x7f516a91c580>, verb_extension=<colcon_core.verb.build.BuildVerb object at 0x7f516b2630a0>, main=<bound method BuildVerb.main of <colcon_core.verb.build.BuildVerb object at 0x7f516b2630a0>>)
[0.484s] Level 1:colcon.colcon_core.package_discovery:discover_packages(colcon_meta) check parameters
[0.484s] Level 1:colcon.colcon_core.package_discovery:discover_packages(recursive) check parameters
[0.484s] Level 1:colcon.colcon_core.package_discovery:discover_packages(ignore) check parameters
[0.484s] Level 1:colcon.colcon_core.package_discovery:discover_packages(path) check parameters
[0.484s] Level 1:colcon.colcon_core.package_discovery:discover_packages(colcon_meta) discover
[0.484s] Level 1:colcon.colcon_core.package_discovery:discover_packages(recursive) discover
[0.484s] INFO:colcon.colcon_core.package_discovery:Crawling recursively for packages in '/home/mnc/ros2_ws/src/autonomous-warehouse-inspection'
[0.484s] Level 1:colcon.colcon_core.package_identification:_identify(.) by extensions ['ignore', 'ignore_ament_install']
[0.484s] Level 1:colcon.colcon_core.package_identification:_identify(.) by extension 'ignore'
[0.484s] Level 1:colcon.colcon_core.package_identification:_identify(.) by extension 'ignore_ament_install'
[0.485s] Level 1:colcon.colcon_core.package_identification:_identify(.) by extensions ['colcon_pkg']
[0.485s] Level 1:colcon.colcon_core.package_identification:_identify(.) by extension 'colcon_pkg'
[0.485s] Level 1:colcon.colcon_core.package_identification:_identify(.) by extensions ['colcon_meta']
[0.485s] Level 1:colcon.colcon_core.package_identification:_identify(.) by extension 'colcon_meta'
[0.485s] Level 1:colcon.colcon_core.package_identification:_identify(.) by extensions ['ros']
[0.485s] Level 1:colcon.colcon_core.package_identification:_identify(.) by extension 'ros'
[0.503s] DEBUG:colcon.colcon_core.package_identification:Package '.' with type 'ros.ament_cmake' and name 'autonomous-warehouse-inspection'
[0.503s] Level 1:colcon.colcon_core.package_discovery:discover_packages(recursive) using defaults
[0.503s] Level 1:colcon.colcon_core.package_discovery:discover_packages(ignore) discover
[0.503s] Level 1:colcon.colcon_core.package_discovery:discover_packages(ignore) using defaults
[0.503s] Level 1:colcon.colcon_core.package_discovery:discover_packages(path) discover
[0.503s] Level 1:colcon.colcon_core.package_discovery:discover_packages(path) using defaults
[0.528s] Level 1:colcon.colcon_core.package_discovery:discover_packages(prefix_path) check parameters
[0.528s] Level 1:colcon.colcon_core.package_discovery:discover_packages(prefix_path) discover
[0.531s] DEBUG:colcon.colcon_installed_package_information.package_discovery:Found 366 installed packages in /opt/ros/humble
[0.532s] Level 1:colcon.colcon_core.package_discovery:discover_packages(prefix_path) using defaults
[0.589s] Level 5:colcon.colcon_core.verb:set package 'autonomous-warehouse-inspection' build argument 'cmake_args' from command line to '['-DCMAKE_BUILD_TYPE=Debug', '-DCMAKE_CXX_FLAGS=--coverage', '-DCMAKE_CXX_OUTPUT_EXTENSION_REPLACE=ON', '-DARG_CONFIG_FILE=uncrustify_google_cpp_allman.cfg']'
[0.589s] Level 5:colcon.colcon_core.verb:set package 'autonomous-warehouse-inspection' build argument 'cmake_target' from command line to 'None'
[0.589s] Level 5:colcon.colcon_core.verb:set package 'autonomous-warehouse-inspection' build argument 'cmake_target_skip_unavailable' from command line to 'False'
[0.589s] Level 5:colcon.colcon_core.verb:set package 'autonomous-warehouse-inspection' build argument 'cmake_clean_cache' from command line to 'False'
[0.589s] Level 5:colcon.colcon_core.verb:set package 'autonomous-warehouse-inspection' build argument 'cmake_clean_first' from command line to 'False'
[0.589s] Level 5:colcon.colcon_core.verb:set package 'autonomous-warehouse-inspection' build argument 'cmake_force_configure' from command line to 'False'
[0.589s] Level 5:colcon.colcon_core.verb:set package 'autonomous-warehouse-inspection' build argument 'ament_cmake_args' from command line to 'None'
[0.589s] Level 5:colcon.colcon_core.verb:set package 'autonomous-warehouse-inspection' build argument 'catkin_cmake_args' from command line to 'None'
[0.589s] Level 5:colcon.colcon_core.verb:set package 'autonomous-warehouse-inspection' build argument 'catkin_skip_building_tests' from command line to 'False'
[0.589s] DEBUG:colcon.colcon_core.verb:Building package 'autonomous-warehouse-inspection' with the following arguments: {'ament_cmake_args': None, 'build_base': '/home/mnc/ros2_ws/src/autonomous-warehouse-inspection/build/autonomous-warehouse-inspection', 'catkin_cmake_args': None, 'catkin_skip_building_tests': False, 'cmake_args': ['-DCMAKE_BUILD_TYPE=Debug', '-DCMAKE_CXX_FLAGS=--coverage', '-DCMAKE_CXX_OUTPUT_EXTENSION_REPLACE=ON', '-DARG_CONFIG_FILE=uncrustify_google_cpp_allman.cfg'], 'cmake_clean_cache': False, 'cmake_clean_first': False, 'cmake_force_configure': False, 'cmake_target': None, 'cmake_target_skip_unavailable': False, 'install_base': '/home/mnc/ros2_ws/src/autonomous-warehouse-inspection/install/autonomous-warehouse-inspection', 'merge_install': False, 'path': '/home/mnc/ros2_ws/src/autonomous-warehouse-inspection', 'symlink_install': False, 'test_result_base': None}
[0.590s] INFO:colcon.colcon_core.executor:Executing jobs using 'parallel' executor
[0.594s] DEBUG:colcon.colcon_parallel_executor.executor.parallel:run_until_complete
[0.594s] INFO:colcon.colcon_ros.task.ament_cmake.build:Building ROS package in '/home/mnc/ros2_ws/src/autonomous-warehouse-inspection' with build type 'ament_cmake'
[0.595s] INFO:colcon.colcon_cmake.task.cmake.build:Building CMake package in '/home/mnc/ros2_ws/src/autonomous-warehouse-inspection'
[0.599s] INFO:colcon.colcon_core.plugin_system:Skipping extension 'colcon_core.shell.bat': Not used on non-Windows systems
[0.599s] INFO:colcon.colcon_core.shell:Skip shell extension 'powershell' for command environment: Not usable outside of PowerShell
[0.599s] DEBUG:colcon.colcon_core.shell:Skip shell extension 'dsv' for command environment
[0.609s] DEBUG:colcon.colcon_core.event_handler.log_command:Invoking command in '/home/mnc/ros2_ws/src/autonomous-warehouse-inspection/build/autonomous-warehouse-inspection': CMAKE_PREFIX_PATH=/opt/ros/humble /usr/bin/cmake /home/mnc/ros2_ws/src/autonomous-warehouse-inspection -DCMAKE_BUILD_TYPE=Debug -DCMAKE_CXX_FLAGS=--coverage -DCMAKE_CXX_OUTPUT_EXTENSION_REPLACE=ON -DARG_CONFIG_FILE=uncrustify_google_cpp_allman.cfg -DCMAKE_INSTALL_PREFIX=/home/mnc/ros2_ws/src/autonomous-warehouse-inspection/install/autonomous-warehouse-inspection
[128.560s] DEBUG:colcon.colcon_core.event_handler.log_command:Invoked command in '/home/mnc/ros2_ws/src/autonomous-warehouse-inspection/build/autonomous-warehouse-inspection' returned '0': CMAKE_PREFIX_PATH=/opt/ros/humble /usr/bin/cmake /home/mnc/ros2_ws/src/autonomous-warehouse-inspection -DCMAKE_BUILD_TYPE=Debug -DCMAKE_CXX_FLAGS=--coverage -DCMAKE_CXX_OUTPUT_EXTENSION_REPLACE=ON -DARG_CONFIG_FILE=uncrustify_google_cpp_allman.cfg -DCMAKE_INSTALL_PREFIX=/home/mnc/ros2_ws/src/autonomous-warehouse-inspection/install/autonomous-warehouse-inspection
[128.562s] DEBUG:colcon.colcon_core.event_handler.log_command:Invoking command in '/home/mnc/ros2_ws/src/autonomous-warehouse-inspection/build/autonomous-warehouse-inspection': CMAKE_PREFIX_PATH=/opt/ros/humble /usr/bin/cmake --build /home/mnc/ros2_ws/src/autonomous-warehouse-inspection/build/autonomous-warehouse-inspection -- -j16 -l16
[146.351s] DEBUG:colcon.colcon_core.event_handler.log_command:Invoked command in '/home/mnc/ros2_ws/src/autonomous-warehouse-inspection/build/autonomous-warehouse-inspection' returned '0': CMAKE_PREFIX_PATH=/opt/ros/humble /usr/bin/cmake --build /home/mnc/ros2_ws/src/autonomous-warehouse-inspection/build/autonomous-warehouse-inspection -- -j16 -l16
[146.393s] DEBUG:colcon.colcon_core.event_handler.log_command:Invoking command in '/home/mnc/ros2_ws/src/autonomous-warehouse-inspection/build/autonomous-warehouse-inspection': CMAKE_PREFIX_PATH=/opt/ros/humble /usr/bin/cmake --install /home/mnc/ros2_ws/src/autonomous-warehouse-inspection/build/autonomous-warehouse-inspection
[146.444s] Level 1:colcon.colcon_core.environment:create_environment_scripts_only(autonomous-warehouse-inspection)
[146.445s] DEBUG:colcon.colcon_core.event_handler.log_command:Invoked command in '/home/mnc/ros2_ws/src/autonomous-warehouse-inspection/build/autonomous-warehouse-inspection' returned '0': CMAKE_PREFIX_PATH=/opt/ros/humble /usr/bin/cmake --install /home/mnc/ros2_ws/src/autonomous-warehouse-inspection/build/autonomous-warehouse-inspection
[146.449s] Level 1:colcon.colcon_core.environment:checking '/home/mnc/ros2_ws/src/autonomous-warehouse-inspection/install/autonomous-warehouse-inspection' for CMake module files
[146.450s] Level 1:colcon.colcon_core.environment:checking '/home/mnc/ros2_ws/src/autonomous-warehouse-inspection/install/autonomous-warehouse-inspection' for CMake config files
[146.450s] Level 1:colcon.colcon_core.shell:create_environment_hook('autonomous-warehouse-inspection', 'cmake_prefix_path')
[146.451s] INFO:colcon.colcon_core.shell:Creating environment hook '/home/mnc/ros2_ws/src/autonomous-warehouse-inspection/install/autonomous-warehouse-inspection/share/autonomous-warehouse-inspection/hook/cmake_prefix_path.ps1'
[146.452s] INFO:colcon.colcon_core.shell:Creating environment descriptor '/home/mnc/ros2_ws/src/autonomous-warehouse-inspection/install/autonomous-warehouse-inspection/share/autonomous-warehouse-inspection/hook/cmake_prefix_path.dsv'
[146.452s] INFO:colcon.colcon_core.shell:Creating environment hook '/home/mnc/ros2_ws/src/autonomous-warehouse-inspection/install/autonomous-warehouse-inspection/share/autonomous-warehouse-inspection/hook/cmake_prefix_path.sh'
[146.453s] Level 1:colcon.colcon_core.environment:checking '/home/mnc/ros2_ws/src/autonomous-warehouse-inspection/install/autonomous-warehouse-inspection/lib'
[146.453s] Level 1:colcon.colcon_core.environment:checking '/home/mnc/ros2_ws/src/autonomous-warehouse-inspection/install/autonomous-warehouse-inspection/bin'
[146.453s] Level 1:colcon.colcon_core.environment:checking '/home/mnc/ros2_ws/src/autonomous-warehouse-inspection/install/autonomous-warehouse-inspection/lib/pkgconfig/autonomous-warehouse-inspection.pc'
[146.453s] Level 1:colcon.colcon_core.environment:checking '/home/mnc/ros2_ws/src/autonomous-warehouse-inspection/install/autonomous-warehouse-inspection/lib/python3.10/site-packages'
[146.453s] Level 1:colcon.colcon_core.environment:checking '/home/mnc/ros2_ws/src/autonomous-warehouse-inspection/install/autonomous-warehouse-inspection/bin'
[146.454s] INFO:colcon.colcon_core.shell:Creating package script '/home/mnc/ros2_ws/src/autonomous-warehouse-inspection/install/autonomous-warehouse-inspection/share/autonomous-warehouse-inspection/package.ps1'
[146.455s] INFO:colcon.colcon_core.shell:Creating package descriptor '/home/mnc/ros2_ws/src/autonomous-warehouse-inspection/install/autonomous-warehouse-inspection/share/autonomous-warehouse-inspection/package.dsv'
[146.456s] INFO:colcon.colcon_core.shell:Creating package script '/home/mnc/ros2_ws/src/autonomous-warehouse-inspection/install/autonomous-warehouse-inspection/share/autonomous-warehouse-inspection/package.sh'
[146.456s] INFO:colcon.colcon_core.shell:Creating package script '/home/mnc/ros2_ws/src/autonomous-warehouse-inspection/install/autonomous-warehouse-inspection/share/autonomous-warehouse-inspection/package.bash'
[146.457s] INFO:colcon.colcon_core.shell:Creating package script '/home/mnc/ros2_ws/src/autonomous-warehouse-inspection/install/autonomous-warehouse-inspection/share/autonomous-warehouse-inspection/package.zsh'
[146.458s] Level 1:colcon.colcon_core.environment:create_file_with_runtime_dependencies(/home/mnc/ros2_ws/src/autonomous-warehouse-inspection/install/autonomous-warehouse-inspection/share/colcon-core/packages/autonomous-warehouse-inspection)
[146.489s] Level 1:colcon.colcon_core.environment:create_environment_scripts_only(autonomous-warehouse-inspection)
[146.491s] Level 1:colcon.colcon_core.environment:checking '/home/mnc/ros2_ws/src/autonomous-warehouse-inspection/install/autonomous-warehouse-inspection' for CMake module files
[146.491s] Level 1:colcon.colcon_core.environment:checking '/home/mnc/ros2_ws/src/autonomous-warehouse-inspection/install/autonomous-warehouse-inspection' for CMake config files
[146.491s] Level 1:colcon.colcon_core.shell:create_environment_hook('autonomous-warehouse-inspection', 'cmake_prefix_path')
[146.492s] INFO:colcon.colcon_core.shell:Creating environment hook '/home/mnc/ros2_ws/src/autonomous-warehouse-inspection/install/autonomous-warehouse-inspection/share/autonomous-warehouse-inspection/hook/cmake_prefix_path.ps1'
[146.493s] INFO:colcon.colcon_core.shell:Creating environment descriptor '/home/mnc/ros2_ws/src/autonomous-warehouse-inspection/install/autonomous-warehouse-inspection/share/autonomous-warehouse-inspection/hook/cmake_prefix_path.dsv'
[146.493s] INFO:colcon.colcon_core.shell:Creating environment hook '/home/mnc/ros2_ws/src/autonomous-warehouse-inspection/install/autonomous-warehouse-inspection/share/autonomous-warehouse-inspection/hook/cmake_prefix_path.sh'
[146.494s] Level 1:colcon.colcon_core.environment:checking '/home/mnc/ros2_ws/src/autonomous-warehouse-inspection/install/autonomous-warehouse-inspection/lib'
[146.494s] Level 1:colcon.colcon_core.environment:checking '/home/mnc/ros2_ws/src/autonomous-warehouse-inspection/install/autonomous-warehouse-inspection/bin'
[146.494s] Level 1:colcon.colcon_core.environment:checking '/home/mnc/ros2_ws/src/autonomous-warehouse-inspection/install/autonomous-warehouse-inspection/lib/pkgconfig/autonomous-warehouse-inspection.pc'
[146.494s] Level 1:colcon.colcon_core.environment:checking '/home/mnc/ros2_ws/src/autonomous-warehouse-inspection/install/autonomous-warehouse-inspection/lib/python3.10/site-packages'
[146.494s] Level 1:colcon.colcon_core.environment:checking '/home/mnc/ros2_ws/src/autonomous-warehouse-inspection/install/autonomous-warehouse-inspection/bin'
[146.495s] INFO:colcon.colcon_core.shell:Creating package script '/home/mnc/ros2_ws/src/autonomous-warehouse-inspection/install/autonomous-warehouse-inspection/share/autonomous-warehouse-inspection/package.ps1'
[146.496s] INFO:colcon.colcon_core.shell:Creating package descriptor '/home/mnc/ros2_ws/src/autonomous-warehouse-inspection/install/autonomous-warehouse-inspection/share/autonomous-warehouse-inspection/package.dsv'
[146.496s] INFO:colcon.colcon_core.shell:Creating package script '/home/mnc/ros2_ws/src/autonomous-warehouse-inspection/install/autonomous-warehouse-inspection/share/autonomous-warehouse-inspection/package.sh'
[146.497s] INFO:colcon.colcon_core.shell:Creating package script '/home/mnc/ros2_ws/src/autonomous-warehouse-inspection/install/autonomous-warehouse-inspection/share/autonomous-warehouse-inspection/package.bash'
[146.497s] INFO:colcon.colcon_core.shell:Creating package script '/home/mnc/ros2_ws/src/autonomous-warehouse-inspection/install/autonomous-warehouse-inspection/share/autonomous-warehouse-inspection/package.zsh'
[146.497s] Level 1:colcon.colcon_core.environment:create_file_with_runtime_dependencies(/home/mnc/ros2_ws/src/autonomous-warehouse-inspection/install/autonomous-warehouse-inspection/share/colcon-core/packages/autonomous-warehouse-inspection)
[146.498s] DEBUG:colcon.colcon_parallel_executor.executor.parallel:closing loop
[146.498s] DEBUG:colcon.colcon_parallel_executor.executor.parallel:loop closed
[146.499s] DEBUG:colcon.colcon_parallel_executor.executor.parallel:run_until_complete finished with '0'
[146.499s] DEBUG:colcon.colcon_core.event_reactor:joining thread
[146.645s] INFO:colcon.colcon_core.plugin_system:Skipping extension 'colcon_notification.desktop_notification.notify_send': Could not find 'notify-send'
[146.645s] INFO:colcon.colcon_core.plugin_system:Skipping extension 'colcon_notification.desktop_notification.terminal_notifier': Not used on non-Darwin systems
[146.645s] INFO:colcon.colcon_core.plugin_system:Skipping extension 'colcon_notification.desktop_notification.win32': Not used on non-Windows systems
[146.645s] INFO:colcon.colcon_notification.desktop_notification:Sending desktop notification using 'notify2'
[146.661s] DEBUG:colcon.colcon_notification.desktop_notification.notify2:Failed to initialize notify2: org.freedesktop.DBus.Error.ServiceUnknown: The name org.freedesktop.Notifications was not provided by any .service files
[146.661s] DEBUG:colcon.colcon_core.event_reactor:joined thread
[146.663s] INFO:colcon.colcon_core.shell:Creating prefix script '/home/mnc/ros2_ws/src/autonomous-warehouse-inspection/install/local_setup.ps1'
[146.664s] INFO:colcon.colcon_core.shell:Creating prefix util module '/home/mnc/ros2_ws/src/autonomous-warehouse-inspection/install/_local_setup_util_ps1.py'
[146.665s] INFO:colcon.colcon_core.shell:Creating prefix chain script '/home/mnc/ros2_ws/src/autonomous-warehouse-inspection/install/setup.ps1'
[146.666s] INFO:colcon.colcon_core.shell:Creating prefix script '/home/mnc/ros2_ws/src/autonomous-warehouse-inspection/install/local_setup.sh'
[146.666s] INFO:colcon.colcon_core.shell:Creating prefix util module '/home/mnc/ros2_ws/src/autonomous-warehouse-inspection/install/_local_setup_util_sh.py'
[146.667s] INFO:colcon.colcon_core.shell:Creating prefix chain script '/home/mnc/ros2_ws/src/autonomous-warehouse-inspection/install/setup.sh'
[146.667s] INFO:colcon.colcon_core.shell:Creating prefix script '/home/mnc/ros2_ws/src/autonomous-warehouse-inspection/install/local_setup.bash'
[146.668s] INFO:colcon.colcon_core.shell:Creating prefix chain script '/home/mnc/ros2_ws/src/autonomous-warehouse-inspection/install/setup.bash'
[146.669s] INFO:colcon.colcon_core.shell:Creating prefix script '/home/mnc/ros2_ws/src/autonomous-warehouse-inspection/install/local_setup.zsh'
[146.670s] INFO:colcon.colcon_core.shell:Creating prefix chain script '/home/mnc/ros2_ws/src/autonomous-warehouse-inspection/install/setup.zsh'
