-- The C compiler identification is GNU 11.3.0
-- The CXX compiler identification is GNU 11.3.0
-- Detecting C compiler ABI info
-- Detecting C compiler ABI info - done
-- Check for working C compiler: /usr/bin/cc - skipped
-- Detecting C compile features
-- Detecting C compile features - done
-- Detecting CXX compiler ABI info
-- Detecting CXX compiler ABI info - done
-- Check for working CXX compiler: /usr/bin/c++ - skipped
-- Detecting CXX compile features
-- Detecting CXX compile features - done
-- Found ament_cmake: 1.3.2 (/opt/ros/humble/share/ament_cmake/cmake)
-- Found Python3: /usr/bin/python3.10 (found version "3.10.6") found components: Interpreter 
-- Found launch_testing_ament_cmake: 1.0.3 (/opt/ros/humble/share/launch_testing_ament_cmake/cmake)
-- Found python_cmake_module: 0.10.0 (/opt/ros/humble/share/python_cmake_module/cmake)
-- Found PythonInterp: /usr/bin/python3 (found suitable version "3.10.6", minimum required is "3.6") 
-- Found PythonLibs: /usr/lib/x86_64-linux-gnu/libpython3.10.so (found suitable version "3.10.6", minimum required is "3.5") 
-- Using PYTHON_EXECUTABLE: /usr/bin/python3
-- Using PYTHON_INCLUDE_DIRS: /usr/include/python3.10
-- Using PYTHON_LIBRARIES: /usr/lib/x86_64-linux-gnu/libpython3.10.so
-- Found PythonExtra: .so  
-- Found ament_cmake_gtest: 1.3.2 (/opt/ros/humble/share/ament_cmake_gtest/cmake)
-- Found rclcpp: 16.0.1 (/opt/ros/humble/share/rclcpp/cmake)
-- Found rosidl_generator_c: 3.1.3 (/opt/ros/humble/share/rosidl_generator_c/cmake)
-- Found rosidl_adapter: 3.1.3 (/opt/ros/humble/share/rosidl_adapter/cmake)
-- Found rosidl_generator_cpp: 3.1.3 (/opt/ros/humble/share/rosidl_generator_cpp/cmake)
-- Using all available rosidl_typesupport_c: rosidl_typesupport_fastrtps_c;rosidl_typesupport_introspection_c
-- Using all available rosidl_typesupport_cpp: rosidl_typesupport_fastrtps_cpp;rosidl_typesupport_introspection_cpp
-- Found rmw_implementation_cmake: 6.1.0 (/opt/ros/humble/share/rmw_implementation_cmake/cmake)
-- Found rmw_fastrtps_cpp: 6.2.1 (/opt/ros/humble/share/rmw_fastrtps_cpp/cmake)
-- Found OpenSSL: /usr/lib/x86_64-linux-gnu/libcrypto.so (found version "3.0.2")  
-- Found FastRTPS: /opt/ros/humble/include  
-- Using RMW implementation 'rmw_fastrtps_cpp' as default
-- Found geometry_msgs: 4.2.2 (/opt/ros/humble/share/geometry_msgs/cmake)
-- Found tf2: 0.25.1 (/opt/ros/humble/share/tf2/cmake)
-- Found tf2_ros: 0.25.1 (/opt/ros/humble/share/tf2_ros/cmake)
-- Found sensor_msgs: 4.2.2 (/opt/ros/humble/share/sensor_msgs/cmake)
-- Found gazebo_ros: 3.7.0 (/opt/ros/humble/share/gazebo_ros/cmake)
-- Found PkgConfig: /usr/bin/pkg-config (found version "0.29.2") 
-- Checking for module 'bullet>=2.82'
--   Found bullet, version 3.05
-- Found fcl: /usr/include (found suitable version "0.7.0", minimum required is "0.5.0") 
-- Found assimp: /usr/include (found version "5.2.0") 
-- Found DART: /usr/include (Required is at least version "6.6") found components: dart 
-- Found Boost: /usr/lib/x86_64-linux-gnu/cmake/Boost-1.74.0/BoostConfig.cmake (found suitable version "1.74.0", minimum required is "1.40.0") found components: thread system filesystem program_options regex iostreams date_time 
-- Found Protobuf: /usr/lib/x86_64-linux-gnu/libprotobuf.so (found version "3.12.4") 
-- Looking for ignition-math6 -- found version 6.12.0
-- Searching for dependencies of ignition-math6
-- Looking for OGRE...
-- OGRE_PREFIX_WATCH changed.
-- Checking for module 'OGRE'
--   Found OGRE, version 1.9.0
-- Found Ogre Ghadamon (1.9.0)
-- Found OGRE: optimized;/usr/lib/x86_64-linux-gnu/libOgreMain.so;debug;/usr/lib/x86_64-linux-gnu/libOgreMain.so
-- Looking for OGRE_Paging...
-- Found OGRE_Paging: optimized;/usr/lib/x86_64-linux-gnu/libOgrePaging.so;debug;/usr/lib/x86_64-linux-gnu/libOgrePaging.so
-- Looking for OGRE_Terrain...
-- Found OGRE_Terrain: optimized;/usr/lib/x86_64-linux-gnu/libOgreTerrain.so;debug;/usr/lib/x86_64-linux-gnu/libOgreTerrain.so
-- Looking for OGRE_Property...
-- Found OGRE_Property: optimized;/usr/lib/x86_64-linux-gnu/libOgreProperty.so;debug;/usr/lib/x86_64-linux-gnu/libOgreProperty.so
-- Looking for OGRE_RTShaderSystem...
-- Found OGRE_RTShaderSystem: optimized;/usr/lib/x86_64-linux-gnu/libOgreRTShaderSystem.so;debug;/usr/lib/x86_64-linux-gnu/libOgreRTShaderSystem.so
-- Looking for OGRE_Volume...
-- Found OGRE_Volume: optimized;/usr/lib/x86_64-linux-gnu/libOgreVolume.so;debug;/usr/lib/x86_64-linux-gnu/libOgreVolume.so
-- Looking for OGRE_Overlay...
-- Found OGRE_Overlay: optimized;/usr/lib/x86_64-linux-gnu/libOgreOverlay.so;debug;/usr/lib/x86_64-linux-gnu/libOgreOverlay.so
-- Looking for ignition-math6 -- found version 6.12.0
-- Looking for ignition-transport8 -- found version 8.2.1
-- Searching for dependencies of ignition-transport8
-- Found Protobuf: /usr/lib/x86_64-linux-gnu/libprotobuf.so (found suitable version "3.12.4", minimum required is "3") 
-- Config-file not installed for ZeroMQ -- checking for pkg-config
-- Checking for module 'libzmq >= 4'
--   Found libzmq , version 4.3.4
-- Found ZeroMQ: TRUE (Required is at least version "4") 
-- Checking for module 'uuid'
--   Found uuid, version 2.37.2
-- Found UUID: TRUE  
-- Looking for ignition-msgs5 -- found version 5.8.1
-- Searching for dependencies of ignition-msgs5
-- Looking for ignition-math6 -- found version 6.12.0
-- Checking for module 'tinyxml2'
--   Found tinyxml2, version 9.0.0
-- Looking for ignition-msgs5 -- found version 5.8.1
-- Looking for ignition-common3 -- found version 3.14.0
-- Searching for dependencies of ignition-common3
-- Looking for dlfcn.h - found
-- Looking for libdl - found
-- Found DL: TRUE  
-- Found tinyobjloader: /usr/lib/x86_64-linux-gnu/cmake/tinyobjloader/tinyobjloader-config.cmake (found version "2.0.0") 
-- Searching for <ignition-common3> component [graphics]
-- Looking for ignition-common3-graphics -- found version 3.14.0
-- Searching for dependencies of ignition-common3-graphics
-- Looking for ignition-math6 -- found version 6.12.0
-- Looking for ignition-fuel_tools4 -- found version 4.4.0
-- Searching for dependencies of ignition-fuel_tools4
-- Found CURL: /usr/lib/x86_64-linux-gnu/libcurl.so (found version "7.81.0")  
-- Checking for module 'jsoncpp'
--   Found jsoncpp, version 1.9.5
-- Found JSONCPP: TRUE  
-- Checking for module 'libzip'
--   Found libzip, version 1.7.3
-- Found ZIP: TRUE  
-- Looking for ignition-common3 -- found version 3.14.0
-- Looking for ignition-math6 -- found version 6.12.0
-- Looking for ignition-msgs5 -- found version 5.8.1
-- Gazebo version: 11.10
-- Checking for module 'tbb'
--   Found tbb, version 2021.5.0
-- Found nav_msgs: 4.2.2 (/opt/ros/humble/share/nav_msgs/cmake)
-- Found gtest sources under '/opt/ros/humble/src/gtest_vendor': C++ tests using 'Google Test' will be built
-- Found Threads: TRUE  
-- Configuring done
-- Generating done
[33mCMake Warning:
  Manually-specified variables were not used by the project:

    ARG_CONFIG_FILE

[0m
-- Build files have been written to: /home/mnc/ros2_ws/src/autonomous-warehouse-inspection/build/autonomous-warehouse-inspection
[  7%] [32mBuilding CXX object CMakeFiles/aruco_detect.dir/src/beacon.o[0m
[ 23%] [32mBuilding CXX object gtest/CMakeFiles/gtest.dir/src/gtest-all.o[0m
[ 23%] [32mBuilding CXX object CMakeFiles/inspection.dir/src/botInspector.o[0m
[ 38%] [32mBuilding CXX object gtest/CMakeFiles/gtest_main.dir/src/gtest_main.o[0m
[ 38%] [32mBuilding CXX object CMakeFiles/inspection.dir/src/main.o[0m
[ 46%] [32m[1mLinking CXX static library libgtest_main.a[0m
[ 46%] Built target gtest_main
[ 53%] [32m[1mLinking CXX static library libgtest.a[0m
[ 53%] Built target gtest
[ 76%] [32mBuilding CXX object CMakeFiles/autonomous-warehouse-inspection_test.dir/test/main.o[0m
[ 69%] [32mBuilding CXX object CMakeFiles/autonomous-warehouse-inspection_test.dir/test/botInspectorTest.o[0m
[ 76%] [32mBuilding CXX object CMakeFiles/autonomous-warehouse-inspection_test.dir/test/test.o[0m
[ 84%] [32m[1mLinking CXX executable autonomous-warehouse-inspection_test[0m
[ 84%] Built target autonomous-warehouse-inspection_test
[ 92%] [32m[1mLinking CXX executable aruco_detect[0m
[ 92%] Built target aruco_detect
[100%] [32m[1mLinking CXX executable inspection[0m
[100%] Built target inspection
-- Install configuration: "Debug"
-- Installing: /home/mnc/ros2_ws/src/autonomous-warehouse-inspection/install/autonomous-warehouse-inspection/lib/autonomous-warehouse-inspection/inspection
-- Set runtime path of "/home/mnc/ros2_ws/src/autonomous-warehouse-inspection/install/autonomous-warehouse-inspection/lib/autonomous-warehouse-inspection/inspection" to ""
-- Installing: /home/mnc/ros2_ws/src/autonomous-warehouse-inspection/install/autonomous-warehouse-inspection/lib/autonomous-warehouse-inspection/aruco_detect
-- Set runtime path of "/home/mnc/ros2_ws/src/autonomous-warehouse-inspection/install/autonomous-warehouse-inspection/lib/autonomous-warehouse-inspection/aruco_detect" to ""
-- Installing: /home/mnc/ros2_ws/src/autonomous-warehouse-inspection/install/autonomous-warehouse-inspection/share/autonomous-warehouse-inspection/launch
-- Installing: /home/mnc/ros2_ws/src/autonomous-warehouse-inspection/install/autonomous-warehouse-inspection/share/autonomous-warehouse-inspection/launch/mainLaunch.launch.py
-- Installing: /home/mnc/ros2_ws/src/autonomous-warehouse-inspection/install/autonomous-warehouse-inspection/share/autonomous-warehouse-inspection/launch/aruco_launch.py
-- Installing: /home/mnc/ros2_ws/src/autonomous-warehouse-inspection/install/autonomous-warehouse-inspection/share/autonomous-warehouse-inspection/worlds
-- Installing: /home/mnc/ros2_ws/src/autonomous-warehouse-inspection/install/autonomous-warehouse-inspection/share/autonomous-warehouse-inspection/worlds/warehouse_layout_1
-- Installing: /home/mnc/ros2_ws/src/autonomous-warehouse-inspection/install/autonomous-warehouse-inspection/share/autonomous-warehouse-inspection/worlds/warehouse_mini.world
-- Installing: /home/mnc/ros2_ws/src/autonomous-warehouse-inspection/install/autonomous-warehouse-inspection/share/autonomous-warehouse-inspection/worlds/warehouse_layout_1:Zone.Identifier
-- Installing: /home/mnc/ros2_ws/src/autonomous-warehouse-inspection/install/autonomous-warehouse-inspection/share/autonomous-warehouse-inspection/worlds/no_roof_small_warehouse.world
-- Installing: /home/mnc/ros2_ws/src/autonomous-warehouse-inspection/install/autonomous-warehouse-inspection/share/autonomous-warehouse-inspection/maps
-- Installing: /home/mnc/ros2_ws/src/autonomous-warehouse-inspection/install/autonomous-warehouse-inspection/share/autonomous-warehouse-inspection/maps/map_mini.pgm
-- Installing: /home/mnc/ros2_ws/src/autonomous-warehouse-inspection/install/autonomous-warehouse-inspection/share/autonomous-warehouse-inspection/maps/map_mini.yaml
-- Installing: /home/mnc/ros2_ws/src/autonomous-warehouse-inspection/install/autonomous-warehouse-inspection/share/ament_index/resource_index/package_run_dependencies/autonomous-warehouse-inspection
-- Installing: /home/mnc/ros2_ws/src/autonomous-warehouse-inspection/install/autonomous-warehouse-inspection/share/ament_index/resource_index/parent_prefix_path/autonomous-warehouse-inspection
-- Installing: /home/mnc/ros2_ws/src/autonomous-warehouse-inspection/install/autonomous-warehouse-inspection/share/autonomous-warehouse-inspection/environment/ament_prefix_path.sh
-- Installing: /home/mnc/ros2_ws/src/autonomous-warehouse-inspection/install/autonomous-warehouse-inspection/share/autonomous-warehouse-inspection/environment/ament_prefix_path.dsv
-- Installing: /home/mnc/ros2_ws/src/autonomous-warehouse-inspection/install/autonomous-warehouse-inspection/share/autonomous-warehouse-inspection/environment/path.sh
-- Installing: /home/mnc/ros2_ws/src/autonomous-warehouse-inspection/install/autonomous-warehouse-inspection/share/autonomous-warehouse-inspection/environment/path.dsv
-- Installing: /home/mnc/ros2_ws/src/autonomous-warehouse-inspection/install/autonomous-warehouse-inspection/share/autonomous-warehouse-inspection/local_setup.bash
-- Installing: /home/mnc/ros2_ws/src/autonomous-warehouse-inspection/install/autonomous-warehouse-inspection/share/autonomous-warehouse-inspection/local_setup.sh
-- Installing: /home/mnc/ros2_ws/src/autonomous-warehouse-inspection/install/autonomous-warehouse-inspection/share/autonomous-warehouse-inspection/local_setup.zsh
-- Installing: /home/mnc/ros2_ws/src/autonomous-warehouse-inspection/install/autonomous-warehouse-inspection/share/autonomous-warehouse-inspection/local_setup.dsv
-- Installing: /home/mnc/ros2_ws/src/autonomous-warehouse-inspection/install/autonomous-warehouse-inspection/share/autonomous-warehouse-inspection/package.dsv
-- Installing: /home/mnc/ros2_ws/src/autonomous-warehouse-inspection/install/autonomous-warehouse-inspection/share/ament_index/resource_index/packages/autonomous-warehouse-inspection
-- Installing: /home/mnc/ros2_ws/src/autonomous-warehouse-inspection/install/autonomous-warehouse-inspection/share/autonomous-warehouse-inspection/cmake/ament_cmake_export_dependencies-extras.cmake
-- Installing: /home/mnc/ros2_ws/src/autonomous-warehouse-inspection/install/autonomous-warehouse-inspection/share/autonomous-warehouse-inspection/cmake/autonomous-warehouse-inspectionConfig.cmake
-- Installing: /home/mnc/ros2_ws/src/autonomous-warehouse-inspection/install/autonomous-warehouse-inspection/share/autonomous-warehouse-inspection/cmake/autonomous-warehouse-inspectionConfig-version.cmake
-- Installing: /home/mnc/ros2_ws/src/autonomous-warehouse-inspection/install/autonomous-warehouse-inspection/share/autonomous-warehouse-inspection/package.xml
