[0.012s] Invoking command in '/home/mnc/ros2_ws/src/autonomous-warehouse-inspection/build/autonomous-warehouse-inspection': CMAKE_PREFIX_PATH=/opt/ros/humble /usr/bin/cmake /home/mnc/ros2_ws/src/autonomous-warehouse-inspection -DCMAKE_BUILD_TYPE=Debug -DCMAKE_CXX_FLAGS=--coverage -DCMAKE_CXX_OUTPUT_EXTENSION_REPLACE=ON -DARG_CONFIG_FILE=uncrustify_google_cpp_allman.cfg -DCMAKE_INSTALL_PREFIX=/home/mnc/ros2_ws/src/autonomous-warehouse-inspection/install/autonomous-warehouse-inspection
[0.371s] -- The C compiler identification is GNU 11.3.0
[2.036s] -- The CXX compiler identification is GNU 11.3.0
[3.440s] -- Detecting C compiler ABI info
[3.797s] -- Detecting C compiler ABI info - done
[3.803s] -- Check for working C compiler: /usr/bin/cc - skipped
[3.803s] -- Detecting C compile features
[3.803s] -- Detecting C compile features - done
[3.806s] -- Detecting CXX compiler ABI info
[4.196s] -- Detecting CXX compiler ABI info - done
[4.202s] -- Check for working CXX compiler: /usr/bin/c++ - skipped
[4.202s] -- Detecting CXX compile features
[4.202s] -- Detecting CXX compile features - done
[4.206s] -- Found ament_cmake: 1.3.2 (/opt/ros/humble/share/ament_cmake/cmake)
[4.355s] -- Found Python3: /usr/bin/python3.10 (found version "3.10.6") found components: Interpreter 
[4.443s] -- Found launch_testing_ament_cmake: 1.0.3 (/opt/ros/humble/share/launch_testing_ament_cmake/cmake)
[4.444s] -- Found python_cmake_module: 0.10.0 (/opt/ros/humble/share/python_cmake_module/cmake)
[4.996s] -- Found PythonInterp: /usr/bin/python3 (found suitable version "3.10.6", minimum required is "3.6") 
[6.762s] -- Found PythonLibs: /usr/lib/x86_64-linux-gnu/libpython3.10.so (found suitable version "3.10.6", minimum required is "3.5") 
[6.762s] -- Using PYTHON_EXECUTABLE: /usr/bin/python3
[6.762s] -- Using PYTHON_INCLUDE_DIRS: /usr/include/python3.10
[6.762s] -- Using PYTHON_LIBRARIES: /usr/lib/x86_64-linux-gnu/libpython3.10.so
[6.778s] -- Found PythonExtra: .so  
[6.780s] -- Found ament_cmake_gtest: 1.3.2 (/opt/ros/humble/share/ament_cmake_gtest/cmake)
[6.782s] -- Found rclcpp: 16.0.1 (/opt/ros/humble/share/rclcpp/cmake)
[6.997s] -- Found rosidl_generator_c: 3.1.3 (/opt/ros/humble/share/rosidl_generator_c/cmake)
[7.001s] -- Found rosidl_adapter: 3.1.3 (/opt/ros/humble/share/rosidl_adapter/cmake)
[7.009s] -- Found rosidl_generator_cpp: 3.1.3 (/opt/ros/humble/share/rosidl_generator_cpp/cmake)
[7.023s] -- Using all available rosidl_typesupport_c: rosidl_typesupport_fastrtps_c;rosidl_typesupport_introspection_c
[7.038s] -- Using all available rosidl_typesupport_cpp: rosidl_typesupport_fastrtps_cpp;rosidl_typesupport_introspection_cpp
[7.095s] -- Found rmw_implementation_cmake: 6.1.0 (/opt/ros/humble/share/rmw_implementation_cmake/cmake)
[7.096s] -- Found rmw_fastrtps_cpp: 6.2.1 (/opt/ros/humble/share/rmw_fastrtps_cpp/cmake)
[11.712s] -- Found OpenSSL: /usr/lib/x86_64-linux-gnu/libcrypto.so (found version "3.0.2")  
[16.801s] -- Found FastRTPS: /opt/ros/humble/include  
[25.667s] -- Using RMW implementation 'rmw_fastrtps_cpp' as default
[25.790s] -- Found geometry_msgs: 4.2.2 (/opt/ros/humble/share/geometry_msgs/cmake)
[25.826s] -- Found tf2: 0.25.1 (/opt/ros/humble/share/tf2/cmake)
[25.836s] -- Found tf2_ros: 0.25.1 (/opt/ros/humble/share/tf2_ros/cmake)
[26.097s] -- Found sensor_msgs: 4.2.2 (/opt/ros/humble/share/sensor_msgs/cmake)
[26.162s] -- Found gazebo_ros: 3.7.0 (/opt/ros/humble/share/gazebo_ros/cmake)
[26.172s] -- Found PkgConfig: /usr/bin/pkg-config (found version "0.29.2") 
[26.174s] -- Checking for module 'bullet>=2.82'
[26.183s] --   Found bullet, version 3.05
[26.376s] -- Found fcl: /usr/include (found suitable version "0.7.0", minimum required is "0.5.0") 
[26.407s] -- Found assimp: /usr/include (found version "5.2.0") 
[26.425s] -- Found DART: /usr/include (Required is at least version "6.6") found components: dart 
[27.082s] -- Found Boost: /usr/lib/x86_64-linux-gnu/cmake/Boost-1.74.0/BoostConfig.cmake (found suitable version "1.74.0", minimum required is "1.40.0") found components: thread system filesystem program_options regex iostreams date_time 
[28.482s] -- Found Protobuf: /usr/lib/x86_64-linux-gnu/libprotobuf.so (found version "3.12.4") 
[28.485s] -- Looking for ignition-math6 -- found version 6.12.0
[28.490s] -- Searching for dependencies of ignition-math6
[28.492s] -- Looking for OGRE...
[28.492s] -- OGRE_PREFIX_WATCH changed.
[28.500s] -- Checking for module 'OGRE'
[28.510s] --   Found OGRE, version 1.9.0
[28.528s] -- Found Ogre Ghadamon (1.9.0)
[30.093s] -- Found OGRE: optimized;/usr/lib/x86_64-linux-gnu/libOgreMain.so;debug;/usr/lib/x86_64-linux-gnu/libOgreMain.so
[30.104s] -- Looking for OGRE_Paging...
[31.532s] -- Found OGRE_Paging: optimized;/usr/lib/x86_64-linux-gnu/libOgrePaging.so;debug;/usr/lib/x86_64-linux-gnu/libOgrePaging.so
[31.532s] -- Looking for OGRE_Terrain...
[32.984s] -- Found OGRE_Terrain: optimized;/usr/lib/x86_64-linux-gnu/libOgreTerrain.so;debug;/usr/lib/x86_64-linux-gnu/libOgreTerrain.so
[32.985s] -- Looking for OGRE_Property...
[34.265s] -- Found OGRE_Property: optimized;/usr/lib/x86_64-linux-gnu/libOgreProperty.so;debug;/usr/lib/x86_64-linux-gnu/libOgreProperty.so
[34.265s] -- Looking for OGRE_RTShaderSystem...
[35.500s] -- Found OGRE_RTShaderSystem: optimized;/usr/lib/x86_64-linux-gnu/libOgreRTShaderSystem.so;debug;/usr/lib/x86_64-linux-gnu/libOgreRTShaderSystem.so
[35.500s] -- Looking for OGRE_Volume...
[36.870s] -- Found OGRE_Volume: optimized;/usr/lib/x86_64-linux-gnu/libOgreVolume.so;debug;/usr/lib/x86_64-linux-gnu/libOgreVolume.so
[36.870s] -- Looking for OGRE_Overlay...
[38.292s] -- Found OGRE_Overlay: optimized;/usr/lib/x86_64-linux-gnu/libOgreOverlay.so;debug;/usr/lib/x86_64-linux-gnu/libOgreOverlay.so
[109.839s] -- Looking for ignition-math6 -- found version 6.12.0
[109.841s] -- Looking for ignition-transport8 -- found version 8.2.1
[109.842s] -- Searching for dependencies of ignition-transport8
[113.895s] -- Found Protobuf: /usr/lib/x86_64-linux-gnu/libprotobuf.so (found suitable version "3.12.4", minimum required is "3") 
[117.801s] -- Config-file not installed for ZeroMQ -- checking for pkg-config
[117.805s] -- Checking for module 'libzmq >= 4'
[117.817s] --   Found libzmq , version 4.3.4
[117.845s] -- Found ZeroMQ: TRUE (Required is at least version "4") 
[118.003s] -- Checking for module 'uuid'
[118.010s] --   Found uuid, version 2.37.2
[118.032s] -- Found UUID: TRUE  
[118.033s] -- Looking for ignition-msgs5 -- found version 5.8.1
[118.033s] -- Searching for dependencies of ignition-msgs5
[122.362s] -- Looking for ignition-math6 -- found version 6.12.0
[122.366s] -- Checking for module 'tinyxml2'
[122.378s] --   Found tinyxml2, version 9.0.0
[122.400s] -- Looking for ignition-msgs5 -- found version 5.8.1
[122.402s] -- Looking for ignition-common3 -- found version 3.14.0
[122.402s] -- Searching for dependencies of ignition-common3
[122.548s] -- Looking for dlfcn.h - found
[122.698s] -- Looking for libdl - found
[122.700s] -- Found DL: TRUE  
[122.995s] -- Found tinyobjloader: /usr/lib/x86_64-linux-gnu/cmake/tinyobjloader/tinyobjloader-config.cmake (found version "2.0.0") 
[122.995s] -- Searching for <ignition-common3> component [graphics]
[122.996s] -- Looking for ignition-common3-graphics -- found version 3.14.0
[122.997s] -- Searching for dependencies of ignition-common3-graphics
[122.997s] -- Looking for ignition-math6 -- found version 6.12.0
[123.000s] -- Looking for ignition-fuel_tools4 -- found version 4.4.0
[123.000s] -- Searching for dependencies of ignition-fuel_tools4
[127.652s] -- Found CURL: /usr/lib/x86_64-linux-gnu/libcurl.so (found version "7.81.0")  
[127.662s] -- Checking for module 'jsoncpp'
[127.671s] --   Found jsoncpp, version 1.9.5
[127.690s] -- Found JSONCPP: TRUE  
[127.695s] -- Checking for module 'libzip'
[127.704s] --   Found libzip, version 1.7.3
[127.725s] -- Found ZIP: TRUE  
[127.725s] -- Looking for ignition-common3 -- found version 3.14.0
[127.725s] -- Looking for ignition-math6 -- found version 6.12.0
[127.726s] -- Looking for ignition-msgs5 -- found version 5.8.1
[127.728s] -- Gazebo version: 11.10
[127.729s] -- Checking for module 'tbb'
[127.741s] --   Found tbb, version 2021.5.0
[127.767s] -- Found nav_msgs: 4.2.2 (/opt/ros/humble/share/nav_msgs/cmake)
[127.844s] -- Found gtest sources under '/opt/ros/humble/src/gtest_vendor': C++ tests using 'Google Test' will be built
[127.848s] -- Found Threads: TRUE  
[127.911s] -- Configuring done
[127.944s] -- Generating done
[127.946s] [33mCMake Warning:
[127.946s]   Manually-specified variables were not used by the project:
[127.946s] 
[127.946s]     ARG_CONFIG_FILE
[127.947s] 
[127.947s] [0m
[127.947s] -- Build files have been written to: /home/mnc/ros2_ws/src/autonomous-warehouse-inspection/build/autonomous-warehouse-inspection
[127.963s] Invoked command in '/home/mnc/ros2_ws/src/autonomous-warehouse-inspection/build/autonomous-warehouse-inspection' returned '0': CMAKE_PREFIX_PATH=/opt/ros/humble /usr/bin/cmake /home/mnc/ros2_ws/src/autonomous-warehouse-inspection -DCMAKE_BUILD_TYPE=Debug -DCMAKE_CXX_FLAGS=--coverage -DCMAKE_CXX_OUTPUT_EXTENSION_REPLACE=ON -DARG_CONFIG_FILE=uncrustify_google_cpp_allman.cfg -DCMAKE_INSTALL_PREFIX=/home/mnc/ros2_ws/src/autonomous-warehouse-inspection/install/autonomous-warehouse-inspection
[127.966s] Invoking command in '/home/mnc/ros2_ws/src/autonomous-warehouse-inspection/build/autonomous-warehouse-inspection': CMAKE_PREFIX_PATH=/opt/ros/humble /usr/bin/cmake --build /home/mnc/ros2_ws/src/autonomous-warehouse-inspection/build/autonomous-warehouse-inspection -- -j16 -l16
[128.007s] [  7%] [32mBuilding CXX object CMakeFiles/aruco_detect.dir/src/beacon.o[0m
[128.007s] [ 23%] [32mBuilding CXX object gtest/CMakeFiles/gtest.dir/src/gtest-all.o[0m
[128.007s] [ 23%] [32mBuilding CXX object CMakeFiles/inspection.dir/src/botInspector.o[0m
[128.008s] [ 38%] [32mBuilding CXX object gtest/CMakeFiles/gtest_main.dir/src/gtest_main.o[0m
[128.008s] [ 38%] [32mBuilding CXX object CMakeFiles/inspection.dir/src/main.o[0m
[129.108s] [ 46%] [32m[1mLinking CXX static library libgtest_main.a[0m
[129.144s] [ 46%] Built target gtest_main
[133.271s] [ 53%] [32m[1mLinking CXX static library libgtest.a[0m
[133.342s] [ 53%] Built target gtest
[133.358s] [ 76%] [32mBuilding CXX object CMakeFiles/autonomous-warehouse-inspection_test.dir/test/main.o[0m
[133.359s] [ 69%] [32mBuilding CXX object CMakeFiles/autonomous-warehouse-inspection_test.dir/test/botInspectorTest.o[0m
[133.359s] [ 76%] [32mBuilding CXX object CMakeFiles/autonomous-warehouse-inspection_test.dir/test/test.o[0m
[140.788s] [ 84%] [32m[1mLinking CXX executable autonomous-warehouse-inspection_test[0m
[141.442s] [ 84%] Built target autonomous-warehouse-inspection_test
[143.715s] [ 92%] [32m[1mLinking CXX executable aruco_detect[0m
[144.555s] [ 92%] Built target aruco_detect
[144.842s] [100%] [32m[1mLinking CXX executable inspection[0m
[145.743s] [100%] Built target inspection
[145.754s] Invoked command in '/home/mnc/ros2_ws/src/autonomous-warehouse-inspection/build/autonomous-warehouse-inspection' returned '0': CMAKE_PREFIX_PATH=/opt/ros/humble /usr/bin/cmake --build /home/mnc/ros2_ws/src/autonomous-warehouse-inspection/build/autonomous-warehouse-inspection -- -j16 -l16
[145.797s] Invoking command in '/home/mnc/ros2_ws/src/autonomous-warehouse-inspection/build/autonomous-warehouse-inspection': CMAKE_PREFIX_PATH=/opt/ros/humble /usr/bin/cmake --install /home/mnc/ros2_ws/src/autonomous-warehouse-inspection/build/autonomous-warehouse-inspection
[145.802s] -- Install configuration: "Debug"
[145.803s] -- Installing: /home/mnc/ros2_ws/src/autonomous-warehouse-inspection/install/autonomous-warehouse-inspection/lib/autonomous-warehouse-inspection/inspection
[145.825s] -- Set runtime path of "/home/mnc/ros2_ws/src/autonomous-warehouse-inspection/install/autonomous-warehouse-inspection/lib/autonomous-warehouse-inspection/inspection" to ""
[145.825s] -- Installing: /home/mnc/ros2_ws/src/autonomous-warehouse-inspection/install/autonomous-warehouse-inspection/lib/autonomous-warehouse-inspection/aruco_detect
[145.838s] -- Set runtime path of "/home/mnc/ros2_ws/src/autonomous-warehouse-inspection/install/autonomous-warehouse-inspection/lib/autonomous-warehouse-inspection/aruco_detect" to ""
[145.839s] -- Installing: /home/mnc/ros2_ws/src/autonomous-warehouse-inspection/install/autonomous-warehouse-inspection/share/autonomous-warehouse-inspection/launch
[145.839s] -- Installing: /home/mnc/ros2_ws/src/autonomous-warehouse-inspection/install/autonomous-warehouse-inspection/share/autonomous-warehouse-inspection/launch/mainLaunch.launch.py
[145.840s] -- Installing: /home/mnc/ros2_ws/src/autonomous-warehouse-inspection/install/autonomous-warehouse-inspection/share/autonomous-warehouse-inspection/launch/aruco_launch.py
[145.840s] -- Installing: /home/mnc/ros2_ws/src/autonomous-warehouse-inspection/install/autonomous-warehouse-inspection/share/autonomous-warehouse-inspection/worlds
[145.840s] -- Installing: /home/mnc/ros2_ws/src/autonomous-warehouse-inspection/install/autonomous-warehouse-inspection/share/autonomous-warehouse-inspection/worlds/warehouse_layout_1
[145.841s] -- Installing: /home/mnc/ros2_ws/src/autonomous-warehouse-inspection/install/autonomous-warehouse-inspection/share/autonomous-warehouse-inspection/worlds/warehouse_mini.world
[145.841s] -- Installing: /home/mnc/ros2_ws/src/autonomous-warehouse-inspection/install/autonomous-warehouse-inspection/share/autonomous-warehouse-inspection/worlds/warehouse_layout_1:Zone.Identifier
[145.842s] -- Installing: /home/mnc/ros2_ws/src/autonomous-warehouse-inspection/install/autonomous-warehouse-inspection/share/autonomous-warehouse-inspection/worlds/no_roof_small_warehouse.world
[145.842s] -- Installing: /home/mnc/ros2_ws/src/autonomous-warehouse-inspection/install/autonomous-warehouse-inspection/share/autonomous-warehouse-inspection/maps
[145.842s] -- Installing: /home/mnc/ros2_ws/src/autonomous-warehouse-inspection/install/autonomous-warehouse-inspection/share/autonomous-warehouse-inspection/maps/map_mini.pgm
[145.843s] -- Installing: /home/mnc/ros2_ws/src/autonomous-warehouse-inspection/install/autonomous-warehouse-inspection/share/autonomous-warehouse-inspection/maps/map_mini.yaml
[145.844s] -- Installing: /home/mnc/ros2_ws/src/autonomous-warehouse-inspection/install/autonomous-warehouse-inspection/share/ament_index/resource_index/package_run_dependencies/autonomous-warehouse-inspection
[145.844s] -- Installing: /home/mnc/ros2_ws/src/autonomous-warehouse-inspection/install/autonomous-warehouse-inspection/share/ament_index/resource_index/parent_prefix_path/autonomous-warehouse-inspection
[145.844s] -- Installing: /home/mnc/ros2_ws/src/autonomous-warehouse-inspection/install/autonomous-warehouse-inspection/share/autonomous-warehouse-inspection/environment/ament_prefix_path.sh
[145.844s] -- Installing: /home/mnc/ros2_ws/src/autonomous-warehouse-inspection/install/autonomous-warehouse-inspection/share/autonomous-warehouse-inspection/environment/ament_prefix_path.dsv
[145.844s] -- Installing: /home/mnc/ros2_ws/src/autonomous-warehouse-inspection/install/autonomous-warehouse-inspection/share/autonomous-warehouse-inspection/environment/path.sh
[145.845s] -- Installing: /home/mnc/ros2_ws/src/autonomous-warehouse-inspection/install/autonomous-warehouse-inspection/share/autonomous-warehouse-inspection/environment/path.dsv
[145.845s] -- Installing: /home/mnc/ros2_ws/src/autonomous-warehouse-inspection/install/autonomous-warehouse-inspection/share/autonomous-warehouse-inspection/local_setup.bash
[145.845s] -- Installing: /home/mnc/ros2_ws/src/autonomous-warehouse-inspection/install/autonomous-warehouse-inspection/share/autonomous-warehouse-inspection/local_setup.sh
[145.845s] -- Installing: /home/mnc/ros2_ws/src/autonomous-warehouse-inspection/install/autonomous-warehouse-inspection/share/autonomous-warehouse-inspection/local_setup.zsh
[145.845s] -- Installing: /home/mnc/ros2_ws/src/autonomous-warehouse-inspection/install/autonomous-warehouse-inspection/share/autonomous-warehouse-inspection/local_setup.dsv
[145.845s] -- Installing: /home/mnc/ros2_ws/src/autonomous-warehouse-inspection/install/autonomous-warehouse-inspection/share/autonomous-warehouse-inspection/package.dsv
[145.845s] -- Installing: /home/mnc/ros2_ws/src/autonomous-warehouse-inspection/install/autonomous-warehouse-inspection/share/ament_index/resource_index/packages/autonomous-warehouse-inspection
[145.846s] -- Installing: /home/mnc/ros2_ws/src/autonomous-warehouse-inspection/install/autonomous-warehouse-inspection/share/autonomous-warehouse-inspection/cmake/ament_cmake_export_dependencies-extras.cmake
[145.846s] -- Installing: /home/mnc/ros2_ws/src/autonomous-warehouse-inspection/install/autonomous-warehouse-inspection/share/autonomous-warehouse-inspection/cmake/autonomous-warehouse-inspectionConfig.cmake
[145.846s] -- Installing: /home/mnc/ros2_ws/src/autonomous-warehouse-inspection/install/autonomous-warehouse-inspection/share/autonomous-warehouse-inspection/cmake/autonomous-warehouse-inspectionConfig-version.cmake
[145.846s] -- Installing: /home/mnc/ros2_ws/src/autonomous-warehouse-inspection/install/autonomous-warehouse-inspection/share/autonomous-warehouse-inspection/package.xml
[145.849s] Invoked command in '/home/mnc/ros2_ws/src/autonomous-warehouse-inspection/build/autonomous-warehouse-inspection' returned '0': CMAKE_PREFIX_PATH=/opt/ros/humble /usr/bin/cmake --install /home/mnc/ros2_ws/src/autonomous-warehouse-inspection/build/autonomous-warehouse-inspection
